<?xml version="1.0" encoding="UTF-8"?>
<!-- Generated by org.testng.reporters.JUnitReportReporter -->
<testsuite hostname="DESKTOP-IUIN2QD" failures="0" tests="1" name="test_Cases.TestCase001" time="19.078" errors="0" timestamp="2022-08-28T22:43:37 IST" skipped="0">
  <testcase classname="test_Cases.TestCase001" name="validateWindow" time="19.078"/>
  <system-out/>
</testsuite> <!-- test_Cases.TestCase001 -->
